\BOOKMARK [0][-]{dummy.1}{\376\377\000A\000b\000s\000t\000r\000a\000c\000t}{}% 1
\BOOKMARK [0][-]{dummy.2}{\376\377\000A\000c\000k\000n\000o\000w\000l\000e\000d\000g\000e\000m\000e\000n\000t\000s}{}% 2
\BOOKMARK [0][-]{dummy.4}{\376\377\000L\000i\000s\000t\000\040\000o\000f\000\040\000F\000i\000g\000u\000r\000e\000s}{}% 3
\BOOKMARK [0][-]{dummy.6}{\376\377\000L\000i\000s\000t\000\040\000o\000f\000\040\000T\000a\000b\000l\000e\000s}{}% 4
\BOOKMARK [0][-]{dummy.8}{\376\377\000A\000b\000b\000r\000e\000v\000i\000a\000t\000i\000o\000n\000s}{}% 5
\BOOKMARK [0][-]{dummy.11}{\376\377\000S\000y\000m\000b\000o\000l\000s}{}% 6
\BOOKMARK [0][-]{chapter.14}{\376\377\0001\000\040\000I\000n\000t\000r\000o\000d\000u\000c\000t\000i\000o\000n}{}% 7
\BOOKMARK [1][-]{section.15}{\376\377\0001\000.\0001\000\040\000M\000o\000t\000i\000v\000a\000t\000i\000o\000n}{chapter.14}% 8
\BOOKMARK [1][-]{section.16}{\376\377\0001\000.\0002\000\040\000P\000r\000o\000b\000l\000e\000m}{chapter.14}% 9
\BOOKMARK [1][-]{section.17}{\376\377\0001\000.\0003\000\040\000S\000o\000l\000u\000t\000i\000o\000n}{chapter.14}% 10
\BOOKMARK [1][-]{section.18}{\376\377\0001\000.\0004\000\040\000R\000e\000s\000u\000l\000t\000s}{chapter.14}% 11
\BOOKMARK [0][-]{chapter.19}{\376\377\0002\000\040\000B\000a\000c\000k\000g\000r\000o\000u\000n\000d\000\040\000T\000h\000e\000o\000r\000y}{}% 12
\BOOKMARK [0][-]{chapter.20}{\376\377\0003\000\040\000C\000u\000r\000r\000e\000n\000t\000\040\000S\000t\000a\000t\000u\000s}{}% 13
\BOOKMARK [0][-]{chapter.21}{\376\377\0004\000\040\000E\000x\000p\000e\000r\000i\000m\000e\000n\000t\000a\000l\000\040\000S\000e\000t\000u\000p}{}% 14
\BOOKMARK [1][-]{section.22}{\376\377\0004\000.\0001\000\040\000C\000o\000n\000c\000e\000p\000t}{chapter.21}% 15
\BOOKMARK [1][-]{section.23}{\376\377\0004\000.\0002\000\040\000A\000p\000p\000r\000o\000a\000c\000h}{chapter.21}% 16
\BOOKMARK [1][-]{section.24}{\376\377\0004\000.\0003\000\040\000R\000e\000s\000u\000l\000t\000s}{chapter.21}% 17
\BOOKMARK [0][-]{chapter.25}{\376\377\0005\000\040\000C\000o\000n\000c\000l\000u\000s\000i\000o\000n}{}% 18
\BOOKMARK [0][-]{appendix.26}{\376\377\000A\000\040\000A\000n\000\040\000A\000p\000p\000e\000n\000d\000i\000x}{}% 19
\BOOKMARK [0][-]{dummy.27}{\376\377\000B\000i\000b\000l\000i\000o\000g\000r\000a\000p\000h\000y}{}% 20
