2015-12-21 21:44:02.048+0000 INFO  [o.n.k.i.f.CommunityFacadeFactory] No locking implementation specified, defaulting to 'community'
2015-12-21 21:44:02.185+0000 INFO  [o.n.k.AvailabilityGuard] Requirement makes database unavailable: Database available
2015-12-21 21:44:02.192+0000 INFO  [o.n.k.i.DiagnosticsManager] --- INITIALIZED diagnostics START ---
2015-12-21 21:44:02.192+0000 INFO  [o.n.k.i.DiagnosticsManager] Neo4j Kernel properties:
2015-12-21 21:44:02.192+0000 INFO  [o.n.k.i.DiagnosticsManager] org.neo4j.server.webserver.https.keystore.location=data/keystore
2015-12-21 21:44:02.193+0000 INFO  [o.n.k.i.DiagnosticsManager] org.neo4j.server.db.tuning.properties=conf/neo4j.properties
2015-12-21 21:44:02.193+0000 INFO  [o.n.k.i.DiagnosticsManager] org.neo4j.server.database.location=data/graph.db
2015-12-21 21:44:02.193+0000 INFO  [o.n.k.i.DiagnosticsManager] org.neo4j.server.webserver.port=7474
2015-12-21 21:44:02.193+0000 INFO  [o.n.k.i.DiagnosticsManager] org.neo4j.server.http.log.config=conf/neo4j-http-logging.xml
2015-12-21 21:44:02.193+0000 INFO  [o.n.k.i.DiagnosticsManager] dbms.querylog.filename=data/log/queries.log
2015-12-21 21:44:02.193+0000 INFO  [o.n.k.i.DiagnosticsManager] org.neo4j.server.webserver.https.enabled=true
2015-12-21 21:44:02.193+0000 INFO  [o.n.k.i.DiagnosticsManager] org.neo4j.server.http.log.enabled=false
2015-12-21 21:44:02.194+0000 INFO  [o.n.k.i.DiagnosticsManager] dbms.security.tls_certificate_file=conf/ssl/snakeoil.cert
2015-12-21 21:44:02.194+0000 INFO  [o.n.k.i.DiagnosticsManager] org.neo4j.server.webserver.https.port=7473
2015-12-21 21:44:02.194+0000 INFO  [o.n.k.i.DiagnosticsManager] org.neo4j.server.webadmin.rrdb.location=data/rrd
2015-12-21 21:44:02.194+0000 INFO  [o.n.k.i.DiagnosticsManager] remote_shell_enabled=true
2015-12-21 21:44:02.194+0000 INFO  [o.n.k.i.DiagnosticsManager] edition=Community
2015-12-21 21:44:02.194+0000 INFO  [o.n.k.i.DiagnosticsManager] dbms.security.tls_key_file=conf/ssl/snakeoil.key
2015-12-21 21:44:02.194+0000 INFO  [o.n.k.i.DiagnosticsManager] dbms.security.auth_enabled=true
2015-12-21 21:44:02.194+0000 INFO  [o.n.k.i.DiagnosticsManager] Diagnostics providers:
2015-12-21 21:44:02.194+0000 INFO  [o.n.k.i.DiagnosticsManager] org.neo4j.kernel.configuration.Config
2015-12-21 21:44:02.195+0000 INFO  [o.n.k.i.DiagnosticsManager] org.neo4j.kernel.info.DiagnosticsManager
2015-12-21 21:44:02.195+0000 INFO  [o.n.k.i.DiagnosticsManager] SYSTEM_MEMORY
2015-12-21 21:44:02.195+0000 INFO  [o.n.k.i.DiagnosticsManager] JAVA_MEMORY
2015-12-21 21:44:02.195+0000 INFO  [o.n.k.i.DiagnosticsManager] OPERATING_SYSTEM
2015-12-21 21:44:02.195+0000 INFO  [o.n.k.i.DiagnosticsManager] JAVA_VIRTUAL_MACHINE
2015-12-21 21:44:02.195+0000 INFO  [o.n.k.i.DiagnosticsManager] CLASSPATH
2015-12-21 21:44:02.195+0000 INFO  [o.n.k.i.DiagnosticsManager] LIBRARY_PATH
2015-12-21 21:44:02.195+0000 INFO  [o.n.k.i.DiagnosticsManager] SYSTEM_PROPERTIES
2015-12-21 21:44:02.195+0000 INFO  [o.n.k.i.DiagnosticsManager] LINUX_SCHEDULERS
2015-12-21 21:44:02.195+0000 INFO  [o.n.k.i.DiagnosticsManager] NETWORK
2015-12-21 21:44:02.195+0000 INFO  [o.n.k.i.DiagnosticsManager] System memory information:
2015-12-21 21:44:02.198+0000 INFO  [o.n.k.i.DiagnosticsManager] Total Physical memory: 3,78 GB
2015-12-21 21:44:02.198+0000 INFO  [o.n.k.i.DiagnosticsManager] Free Physical memory: 357,02 MB
2015-12-21 21:44:02.199+0000 INFO  [o.n.k.i.DiagnosticsManager] Committed virtual memory: 2,65 GB
2015-12-21 21:44:02.199+0000 INFO  [o.n.k.i.DiagnosticsManager] Total swap space: 4,70 GB
2015-12-21 21:44:02.199+0000 INFO  [o.n.k.i.DiagnosticsManager] Free swap space: 3,96 GB
2015-12-21 21:44:02.199+0000 INFO  [o.n.k.i.DiagnosticsManager] JVM memory information:
2015-12-21 21:44:02.199+0000 INFO  [o.n.k.i.DiagnosticsManager] Free  memory: 23,72 MB
2015-12-21 21:44:02.199+0000 INFO  [o.n.k.i.DiagnosticsManager] Total memory: 61,00 MB
2015-12-21 21:44:02.200+0000 INFO  [o.n.k.i.DiagnosticsManager] Max   memory: 968,00 MB
2015-12-21 21:44:02.231+0000 INFO  [o.n.k.i.DiagnosticsManager] Garbage Collector: G1 Young Generation: [G1 Eden Space, G1 Survivor Space]
2015-12-21 21:44:02.232+0000 INFO  [o.n.k.i.DiagnosticsManager] Garbage Collector: G1 Old Generation: [G1 Eden Space, G1 Survivor Space, G1 Old Gen, G1 Perm Gen]
2015-12-21 21:44:02.233+0000 INFO  [o.n.k.i.DiagnosticsManager] Memory Pool: Code Cache (Non-heap memory): committed=2,44 MB, used=866,69 kB, max=48,00 MB, threshold=0,00 B
2015-12-21 21:44:02.233+0000 INFO  [o.n.k.i.DiagnosticsManager] Memory Pool: G1 Eden Space (Heap memory): committed=35,00 MB, used=30,00 MB, max=-1,00 B, threshold=?
2015-12-21 21:44:02.234+0000 INFO  [o.n.k.i.DiagnosticsManager] Memory Pool: G1 Survivor Space (Heap memory): committed=3,00 MB, used=3,00 MB, max=-1,00 B, threshold=?
2015-12-21 21:44:02.234+0000 INFO  [o.n.k.i.DiagnosticsManager] Memory Pool: G1 Old Gen (Heap memory): committed=23,00 MB, used=3,21 MB, max=968,00 MB, threshold=0,00 B
2015-12-21 21:44:02.235+0000 INFO  [o.n.k.i.DiagnosticsManager] Memory Pool: G1 Perm Gen (Non-heap memory): committed=20,00 MB, used=12,78 MB, max=82,00 MB, threshold=0,00 B
2015-12-21 21:44:02.235+0000 INFO  [o.n.k.i.DiagnosticsManager] Operating system information:
2015-12-21 21:44:02.235+0000 INFO  [o.n.k.i.DiagnosticsManager] Operating System: Linux; version: 3.13.0-65-generic; arch: amd64; cpus: 4
2015-12-21 21:44:02.236+0000 INFO  [o.n.k.i.DiagnosticsManager] Max number of file descriptors: 4,00 kB
2015-12-21 21:44:02.236+0000 INFO  [o.n.k.i.DiagnosticsManager] Number of open file descriptors: 82,00 B
2015-12-21 21:44:02.241+0000 INFO  [o.n.k.i.DiagnosticsManager] Process id: 10622@Gongotar
2015-12-21 21:44:02.241+0000 INFO  [o.n.k.i.DiagnosticsManager] Byte order: LITTLE_ENDIAN
2015-12-21 21:44:02.241+0000 INFO  [o.n.k.i.DiagnosticsManager] Local timezone: Europe/Berlin
2015-12-21 21:44:02.241+0000 INFO  [o.n.k.i.DiagnosticsManager] JVM information:
2015-12-21 21:44:02.241+0000 INFO  [o.n.k.i.DiagnosticsManager] VM Name: Java HotSpot(TM) 64-Bit Server VM
2015-12-21 21:44:02.241+0000 INFO  [o.n.k.i.DiagnosticsManager] VM Vendor: Oracle Corporation
2015-12-21 21:44:02.241+0000 INFO  [o.n.k.i.DiagnosticsManager] VM Version: 24.80-b11
2015-12-21 21:44:02.247+0000 INFO  [o.n.k.i.DiagnosticsManager] JIT compiler: HotSpot 64-Bit Tiered Compilers
2015-12-21 21:44:02.247+0000 INFO  [o.n.k.i.DiagnosticsManager] VM Arguments: [-XX:+DisableExplicitGC, -Dorg.neo4j.server.properties=conf/neo4j-server.properties, -Dlog4j.configuration=file:conf/log4j.properties, -XX:+UseG1GC, -XX:-OmitStackTraceInFastThrow, -XX:hashCode=5, -Dneo4j.ext.udc.source=tarball, -Dneo4j.home=/home/gongotar/neo4j-community-2.3.1, -Dneo4j.instance=/home/gongotar/neo4j-community-2.3.1, -Dfile.encoding=UTF-8]
2015-12-21 21:44:02.248+0000 INFO  [o.n.k.i.DiagnosticsManager] Java classpath:
2015-12-21 21:44:02.251+0000 INFO  [o.n.k.i.DiagnosticsManager]  [loader.1] file:/usr/lib/jvm/java-7-oracle/jre/lib/ext/sunjce_provider.jar
2015-12-21 21:44:02.251+0000 INFO  [o.n.k.i.DiagnosticsManager]  [classpath + loader.0] file:/home/gongotar/neo4j-community-2.3.1/system/lib/neo4j-server-2.3.1-static-web.jar
2015-12-21 21:44:02.251+0000 INFO  [o.n.k.i.DiagnosticsManager]  [classpath + loader.0] file:/home/gongotar/neo4j-community-2.3.1/system/lib/commons-configuration-1.10.jar
2015-12-21 21:44:02.251+0000 INFO  [o.n.k.i.DiagnosticsManager]  [bootstrap] /usr/lib/jvm/java-7-oracle/jre/classes
2015-12-21 21:44:02.251+0000 INFO  [o.n.k.i.DiagnosticsManager]  [classpath + loader.0] file:/home/gongotar/neo4j-community-2.3.1/system/lib/jersey-core-1.19.jar
2015-12-21 21:44:02.251+0000 INFO  [o.n.k.i.DiagnosticsManager]  [classpath + loader.0] file:/home/gongotar/neo4j-community-2.3.1/system/lib/jackson-mapper-asl-1.9.13.jar
2015-12-21 21:44:02.251+0000 INFO  [o.n.k.i.DiagnosticsManager]  [classpath + loader.0] file:/home/gongotar/neo4j-community-2.3.1/lib/neo4j-udc-2.3.1.jar
2015-12-21 21:44:02.251+0000 INFO  [o.n.k.i.DiagnosticsManager]  [classpath + loader.0] file:/home/gongotar/neo4j-community-2.3.1/system/lib/slf4j-api-1.7.6.jar
2015-12-21 21:44:02.251+0000 INFO  [o.n.k.i.DiagnosticsManager]  [classpath + loader.0] file:/home/gongotar/neo4j-community-2.3.1/system/lib/jersey-multipart-1.19.jar
2015-12-21 21:44:02.251+0000 INFO  [o.n.k.i.DiagnosticsManager]  [classpath + loader.0] file:/home/gongotar/neo4j-community-2.3.1/lib/concurrentlinkedhashmap-lru-1.4.2.jar
2015-12-21 21:44:02.251+0000 INFO  [o.n.k.i.DiagnosticsManager]  [classpath + loader.0] file:/home/gongotar/neo4j-community-2.3.1/lib/neo4j-graph-algo-2.3.1.jar
2015-12-21 21:44:02.251+0000 INFO  [o.n.k.i.DiagnosticsManager]  [classpath + loader.0] file:/home/gongotar/neo4j-community-2.3.1/system/lib/jersey-servlet-1.19.jar
2015-12-21 21:44:02.252+0000 INFO  [o.n.k.i.DiagnosticsManager]  [classpath + loader.0] file:/home/gongotar/neo4j-community-2.3.1/system/lib/jetty-servlet-9.2.4.v20141103.jar
2015-12-21 21:44:02.252+0000 INFO  [o.n.k.i.DiagnosticsManager]  [classpath + loader.0] file:/home/gongotar/neo4j-community-2.3.1/system/lib/jetty-io-9.2.4.v20141103.jar
2015-12-21 21:44:02.252+0000 INFO  [o.n.k.i.DiagnosticsManager]  [classpath + loader.0] file:/home/gongotar/neo4j-community-2.3.1/lib/neo4j-unsafe-2.3.1.jar
2015-12-21 21:44:02.252+0000 INFO  [o.n.k.i.DiagnosticsManager]  [classpath + loader.0] file:/home/gongotar/neo4j-community-2.3.1/lib/jline-2.12.jar
2015-12-21 21:44:02.252+0000 INFO  [o.n.k.i.DiagnosticsManager]  [classpath + loader.0] file:/home/gongotar/neo4j-community-2.3.1/lib/opencsv-2.3.jar
2015-12-21 21:44:02.252+0000 INFO  [o.n.k.i.DiagnosticsManager]  [classpath + loader.0] file:/home/gongotar/neo4j-community-2.3.1/lib/neo4j-cypher-2.3.1.jar
2015-12-21 21:44:02.252+0000 INFO  [o.n.k.i.DiagnosticsManager]  [classpath + loader.0] file:/home/gongotar/neo4j-community-2.3.1/system/lib/commons-digester-2.1.jar
2015-12-21 21:44:02.252+0000 INFO  [o.n.k.i.DiagnosticsManager]  [bootstrap] /usr/lib/jvm/java-7-oracle/jre/lib/jce.jar
2015-12-21 21:44:02.252+0000 INFO  [o.n.k.i.DiagnosticsManager]  [classpath + loader.0] file:/home/gongotar/neo4j-community-2.3.1/lib/neo4j-jmx-2.3.1.jar
2015-12-21 21:44:02.252+0000 INFO  [o.n.k.i.DiagnosticsManager]  [classpath + loader.0] file:/home/gongotar/neo4j-community-2.3.1/system/lib/logback-classic-1.1.2.jar
2015-12-21 21:44:02.252+0000 INFO  [o.n.k.i.DiagnosticsManager]  [classpath + loader.0] file:/home/gongotar/neo4j-community-2.3.1/conf/
2015-12-21 21:44:02.253+0000 INFO  [o.n.k.i.DiagnosticsManager]  [classpath + loader.0] file:/home/gongotar/neo4j-community-2.3.1/system/lib/neo4j-server-2.3.1.jar
2015-12-21 21:44:02.253+0000 INFO  [o.n.k.i.DiagnosticsManager]  [classpath + loader.0] file:/home/gongotar/neo4j-community-2.3.1/lib/neo4j-lucene-index-2.3.1.jar
2015-12-21 21:44:02.253+0000 INFO  [o.n.k.i.DiagnosticsManager]  [classpath + loader.0] file:/home/gongotar/neo4j-community-2.3.1/lib/neo4j-function-2.3.1.jar
2015-12-21 21:44:02.253+0000 INFO  [o.n.k.i.DiagnosticsManager]  [bootstrap] /usr/lib/jvm/java-7-oracle/jre/lib/jfr.jar
2015-12-21 21:44:02.253+0000 INFO  [o.n.k.i.DiagnosticsManager]  [classpath + loader.0] file:/home/gongotar/neo4j-community-2.3.1/lib/neo4j-codegen-2.3.1.jar
2015-12-21 21:44:02.253+0000 INFO  [o.n.k.i.DiagnosticsManager]  [classpath + loader.0] file:/home/gongotar/neo4j-community-2.3.1/system/lib/mimepull-1.9.3.jar
2015-12-21 21:44:02.253+0000 INFO  [o.n.k.i.DiagnosticsManager]  [classpath + loader.0] file:/home/gongotar/neo4j-community-2.3.1/system/lib/jetty-server-9.2.4.v20141103.jar
2015-12-21 21:44:02.253+0000 INFO  [o.n.k.i.DiagnosticsManager]  [classpath + loader.0] file:/home/gongotar/neo4j-community-2.3.1/lib/neo4j-import-tool-2.3.1.jar
2015-12-21 21:44:02.253+0000 INFO  [o.n.k.i.DiagnosticsManager]  [classpath + loader.0] file:/home/gongotar/neo4j-community-2.3.1/system/lib/rrd4j-2.2.jar
2015-12-21 21:44:02.254+0000 INFO  [o.n.k.i.DiagnosticsManager]  [classpath + loader.0] file:/home/gongotar/neo4j-community-2.3.1/lib/commons-lang3-3.3.2.jar
2015-12-21 21:44:02.254+0000 INFO  [o.n.k.i.DiagnosticsManager]  [bootstrap] /usr/lib/jvm/java-7-oracle/jre/lib/sunrsasign.jar
2015-12-21 21:44:02.254+0000 INFO  [o.n.k.i.DiagnosticsManager]  [classpath + loader.0] file:/home/gongotar/neo4j-community-2.3.1/system/lib/commons-logging-1.1.1.jar
2015-12-21 21:44:02.254+0000 INFO  [o.n.k.i.DiagnosticsManager]  [classpath + loader.0] file:/home/gongotar/neo4j-community-2.3.1/system/lib/jetty-util-9.2.4.v20141103.jar
2015-12-21 21:44:02.254+0000 INFO  [o.n.k.i.DiagnosticsManager]  [classpath + loader.0] file:/home/gongotar/neo4j-community-2.3.1/system/lib/jsr311-api-1.1.2.r612.jar
2015-12-21 21:44:02.254+0000 INFO  [o.n.k.i.DiagnosticsManager]  [classpath + loader.0] file:/home/gongotar/neo4j-community-2.3.1/system/lib/javax.servlet-api-3.1.0.jar
2015-12-21 21:44:02.254+0000 INFO  [o.n.k.i.DiagnosticsManager]  [classpath + loader.0] file:/home/gongotar/neo4j-community-2.3.1/lib/neo4j-io-2.3.1.jar
2015-12-21 21:44:02.254+0000 INFO  [o.n.k.i.DiagnosticsManager]  [classpath + loader.0] file:/home/gongotar/neo4j-community-2.3.1/system/lib/logback-core-1.1.2.jar
2015-12-21 21:44:02.254+0000 INFO  [o.n.k.i.DiagnosticsManager]  [classpath + loader.0] file:/home/gongotar/neo4j-community-2.3.1/lib/neo4j-cypher-frontend-2.3-2.3.1.jar
2015-12-21 21:44:02.254+0000 INFO  [o.n.k.i.DiagnosticsManager]  [classpath + loader.0] file:/home/gongotar/neo4j-community-2.3.1/lib/scala-library-2.11.7.jar
2015-12-21 21:44:02.255+0000 INFO  [o.n.k.i.DiagnosticsManager]  [classpath + loader.0] file:/home/gongotar/neo4j-community-2.3.1/lib/parboiled-core-1.1.7.jar
2015-12-21 21:44:02.255+0000 INFO  [o.n.k.i.DiagnosticsManager]  [classpath + loader.0] file:/home/gongotar/neo4j-community-2.3.1/system/lib/neo4j-browser-2.3.1.jar
2015-12-21 21:44:02.255+0000 INFO  [o.n.k.i.DiagnosticsManager]  [classpath + loader.0] file:/home/gongotar/neo4j-community-2.3.1/system/lib/commons-lang-2.6.jar
2015-12-21 21:44:02.255+0000 INFO  [o.n.k.i.DiagnosticsManager]  [classpath + loader.0] file:/home/gongotar/neo4j-community-2.3.1/lib/neo4j-csv-2.3.1.jar
2015-12-21 21:44:02.255+0000 INFO  [o.n.k.i.DiagnosticsManager]  [classpath + loader.0] file:/home/gongotar/neo4j-community-2.3.1/lib/neo4j-shell-2.3.1.jar
2015-12-21 21:44:02.255+0000 INFO  [o.n.k.i.DiagnosticsManager]  [classpath + loader.0] file:/home/gongotar/neo4j-community-2.3.1/system/lib/bcprov-jdk15on-1.52.jar
2015-12-21 21:44:02.255+0000 INFO  [o.n.k.i.DiagnosticsManager]  [classpath + loader.0] file:/home/gongotar/neo4j-community-2.3.1/lib/neo4j-consistency-check-2.3.1.jar
2015-12-21 21:44:02.255+0000 INFO  [o.n.k.i.DiagnosticsManager]  [classpath + loader.0] file:/home/gongotar/neo4j-community-2.3.1/lib/neo4j-logging-2.3.1.jar
2015-12-21 21:44:02.255+0000 INFO  [o.n.k.i.DiagnosticsManager]  [classpath + loader.0] file:/home/gongotar/neo4j-community-2.3.1/system/lib/jetty-xml-9.2.4.v20141103.jar
2015-12-21 21:44:02.256+0000 INFO  [o.n.k.i.DiagnosticsManager]  [bootstrap] /usr/lib/jvm/java-7-oracle/jre/lib/jsse.jar
2015-12-21 21:44:02.256+0000 INFO  [o.n.k.i.DiagnosticsManager]  [loader.1] file:/usr/lib/jvm/java-7-oracle/jre/lib/ext/localedata.jar
2015-12-21 21:44:02.256+0000 INFO  [o.n.k.i.DiagnosticsManager]  [classpath + loader.0] file:/home/gongotar/neo4j-community-2.3.1/lib/neo4j-primitive-collections-2.3.1.jar
2015-12-21 21:44:02.256+0000 INFO  [o.n.k.i.DiagnosticsManager]  [classpath + loader.0] file:/home/gongotar/neo4j-community-2.3.1/lib/neo4j-cypher-compiler-2.2_2.11-2.2.6.jar
2015-12-21 21:44:02.256+0000 INFO  [o.n.k.i.DiagnosticsManager]  [loader.1] file:/usr/lib/jvm/java-7-oracle/jre/lib/ext/sunpkcs11.jar
2015-12-21 21:44:02.256+0000 INFO  [o.n.k.i.DiagnosticsManager]  [classpath + loader.0] file:/home/gongotar/neo4j-community-2.3.1/system/lib/asm-5.0.2.jar
2015-12-21 21:44:02.256+0000 INFO  [o.n.k.i.DiagnosticsManager]  [classpath + loader.0] file:/home/gongotar/neo4j-community-2.3.1/lib/neo4j-graph-matching-2.3.1.jar
2015-12-21 21:44:02.256+0000 INFO  [o.n.k.i.DiagnosticsManager]  [loader.1] file:/usr/lib/jvm/java-7-oracle/jre/lib/ext/dnsns.jar
2015-12-21 21:44:02.257+0000 INFO  [o.n.k.i.DiagnosticsManager]  [classpath + loader.0] file:/home/gongotar/neo4j-community-2.3.1/system/lib/logback-access-1.1.2.jar
2015-12-21 21:44:02.257+0000 INFO  [o.n.k.i.DiagnosticsManager]  [classpath + loader.0] file:/home/gongotar/neo4j-community-2.3.1/system/lib/netty-all-4.0.28.Final.jar
2015-12-21 21:44:02.257+0000 INFO  [o.n.k.i.DiagnosticsManager]  [classpath + loader.0] file:/home/gongotar/neo4j-community-2.3.1/lib/parboiled-scala_2.11-1.1.7.jar
2015-12-21 21:44:02.257+0000 INFO  [o.n.k.i.DiagnosticsManager]  [classpath + loader.0] file:/home/gongotar/neo4j-community-2.3.1/lib/lucene-core-3.6.2.jar
2015-12-21 21:44:02.257+0000 INFO  [o.n.k.i.DiagnosticsManager]  [classpath + loader.0] file:/home/gongotar/neo4j-community-2.3.1/lib/neo4j-cypher-compiler-2.3-2.3.1.jar
2015-12-21 21:44:02.257+0000 INFO  [o.n.k.i.DiagnosticsManager]  [classpath + loader.0] file:/home/gongotar/neo4j-community-2.3.1/lib/scala-reflect-2.11.7.jar
2015-12-21 21:44:02.257+0000 INFO  [o.n.k.i.DiagnosticsManager]  [classpath + loader.0] file:/home/gongotar/neo4j-community-2.3.1/system/lib/bcpkix-jdk15on-1.52.jar
2015-12-21 21:44:02.258+0000 INFO  [o.n.k.i.DiagnosticsManager]  [classpath + loader.0] file:/home/gongotar/neo4j-community-2.3.1/lib/neo4j-cypher-compiler-1.9_2.11-2.0.5.jar
2015-12-21 21:44:02.258+0000 INFO  [o.n.k.i.DiagnosticsManager]  [classpath + loader.0] file:/home/gongotar/neo4j-community-2.3.1/system/lib/jetty-security-9.2.4.v20141103.jar
2015-12-21 21:44:02.258+0000 INFO  [o.n.k.i.DiagnosticsManager]  [classpath + loader.0] file:/home/gongotar/neo4j-community-2.3.1/system/lib/commons-io-2.4.jar
2015-12-21 21:44:02.258+0000 INFO  [o.n.k.i.DiagnosticsManager]  [classpath + loader.0] file:/home/gongotar/neo4j-community-2.3.1/system/lib/commons-beanutils-1.8.3.jar
2015-12-21 21:44:02.258+0000 INFO  [o.n.k.i.DiagnosticsManager]  [bootstrap] /usr/lib/jvm/java-7-oracle/jre/lib/resources.jar
2015-12-21 21:44:02.258+0000 INFO  [o.n.k.i.DiagnosticsManager]  [loader.1] file:/usr/lib/jvm/java-7-oracle/jre/lib/ext/zipfs.jar
2015-12-21 21:44:02.258+0000 INFO  [o.n.k.i.DiagnosticsManager]  [classpath + loader.0] file:/home/gongotar/neo4j-community-2.3.1/system/lib/rhino-1.7R4.jar
2015-12-21 21:44:02.258+0000 INFO  [o.n.k.i.DiagnosticsManager]  [classpath + loader.0] file:/home/gongotar/neo4j-community-2.3.1/lib/neo4j-consistency-check-legacy-2.3.1.jar
2015-12-21 21:44:02.259+0000 INFO  [o.n.k.i.DiagnosticsManager]  [classpath + loader.0] file:/home/gongotar/neo4j-community-2.3.1/system/lib/jersey-server-1.19.jar
2015-12-21 21:44:02.259+0000 INFO  [o.n.k.i.DiagnosticsManager]  [bootstrap] /usr/lib/jvm/java-7-oracle/jre/lib/rt.jar
2015-12-21 21:44:02.259+0000 INFO  [o.n.k.i.DiagnosticsManager]  [loader.1] file:/usr/lib/jvm/java-7-oracle/jre/lib/ext/sunec.jar
2015-12-21 21:44:02.259+0000 INFO  [o.n.k.i.DiagnosticsManager]  [classpath + loader.0] file:/home/gongotar/neo4j-community-2.3.1/system/lib/jetty-http-9.2.4.v20141103.jar
2015-12-21 21:44:02.259+0000 INFO  [o.n.k.i.DiagnosticsManager]  [classpath + loader.0] file:/home/gongotar/neo4j-community-2.3.1/lib/scala-parser-combinators_2.11-1.0.4.jar
2015-12-21 21:44:02.259+0000 INFO  [o.n.k.i.DiagnosticsManager]  [classpath + loader.0] file:/home/gongotar/neo4j-community-2.3.1/system/lib/jackson-core-asl-1.9.13.jar
2015-12-21 21:44:02.259+0000 INFO  [o.n.k.i.DiagnosticsManager]  [classpath + loader.0] file:/home/gongotar/neo4j-community-2.3.1/system/lib/jackson-jaxrs-1.9.13.jar
2015-12-21 21:44:02.259+0000 INFO  [o.n.k.i.DiagnosticsManager]  [classpath + loader.0] file:/home/gongotar/neo4j-community-2.3.1/lib/neo4j-kernel-2.3.1.jar
2015-12-21 21:44:02.259+0000 INFO  [o.n.k.i.DiagnosticsManager]  [classpath + loader.0] file:/home/gongotar/neo4j-community-2.3.1/system/lib/jetty-webapp-9.2.4.v20141103.jar
2015-12-21 21:44:02.260+0000 INFO  [o.n.k.i.DiagnosticsManager]  [classpath + loader.0] file:/home/gongotar/neo4j-community-2.3.1/lib/server-api-2.3.1.jar
2015-12-21 21:44:02.260+0000 INFO  [o.n.k.i.DiagnosticsManager]  [bootstrap] /usr/lib/jvm/java-7-oracle/jre/lib/charsets.jar
2015-12-21 21:44:02.260+0000 INFO  [o.n.k.i.DiagnosticsManager] Library path:
2015-12-21 21:44:02.260+0000 INFO  [o.n.k.i.DiagnosticsManager] /usr/java/packages/lib/amd64
2015-12-21 21:44:02.260+0000 INFO  [o.n.k.i.DiagnosticsManager] /usr/lib64
2015-12-21 21:44:02.261+0000 INFO  [o.n.k.i.DiagnosticsManager] /lib64
2015-12-21 21:44:02.261+0000 INFO  [o.n.k.i.DiagnosticsManager] /lib
2015-12-21 21:44:02.261+0000 INFO  [o.n.k.i.DiagnosticsManager] /usr/lib
2015-12-21 21:44:02.261+0000 INFO  [o.n.k.i.DiagnosticsManager] System.properties:
2015-12-21 21:44:02.262+0000 INFO  [o.n.k.i.DiagnosticsManager] sun.boot.library.path = /usr/lib/jvm/java-7-oracle/jre/lib/amd64
2015-12-21 21:44:02.262+0000 INFO  [o.n.k.i.DiagnosticsManager] org.neo4j.server.properties = conf/neo4j-server.properties
2015-12-21 21:44:02.262+0000 INFO  [o.n.k.i.DiagnosticsManager] path.separator = :
2015-12-21 21:44:02.262+0000 INFO  [o.n.k.i.DiagnosticsManager] file.encoding.pkg = sun.io
2015-12-21 21:44:02.262+0000 INFO  [o.n.k.i.DiagnosticsManager] user.country = DE
2015-12-21 21:44:02.262+0000 INFO  [o.n.k.i.DiagnosticsManager] sun.java.launcher = SUN_STANDARD
2015-12-21 21:44:02.262+0000 INFO  [o.n.k.i.DiagnosticsManager] sun.os.patch.level = unknown
2015-12-21 21:44:02.262+0000 INFO  [o.n.k.i.DiagnosticsManager] user.dir = /home/gongotar/neo4j-community-2.3.1
2015-12-21 21:44:02.262+0000 INFO  [o.n.k.i.DiagnosticsManager] neo4j.ext.udc.source = tarball
2015-12-21 21:44:02.263+0000 INFO  [o.n.k.i.DiagnosticsManager] log4j.configuration = file:conf/log4j.properties
2015-12-21 21:44:02.263+0000 INFO  [o.n.k.i.DiagnosticsManager] sun.jnu.encoding = UTF-8
2015-12-21 21:44:02.263+0000 INFO  [o.n.k.i.DiagnosticsManager] sun.management.compiler = HotSpot 64-Bit Tiered Compilers
2015-12-21 21:44:02.263+0000 INFO  [o.n.k.i.DiagnosticsManager] user.home = /home/gongotar
2015-12-21 21:44:02.263+0000 INFO  [o.n.k.i.DiagnosticsManager] user.timezone = Europe/Berlin
2015-12-21 21:44:02.263+0000 INFO  [o.n.k.i.DiagnosticsManager] file.encoding = UTF-8
2015-12-21 21:44:02.263+0000 INFO  [o.n.k.i.DiagnosticsManager] user.name = gongotar
2015-12-21 21:44:02.263+0000 INFO  [o.n.k.i.DiagnosticsManager] sun.java.command = org.neo4j.server.CommunityBootstrapper
2015-12-21 21:44:02.263+0000 INFO  [o.n.k.i.DiagnosticsManager] sun.arch.data.model = 64
2015-12-21 21:44:02.264+0000 INFO  [o.n.k.i.DiagnosticsManager] user.language = de
2015-12-21 21:44:02.264+0000 INFO  [o.n.k.i.DiagnosticsManager] awt.toolkit = sun.awt.X11.XToolkit
2015-12-21 21:44:02.264+0000 INFO  [o.n.k.i.DiagnosticsManager] file.separator = /
2015-12-21 21:44:02.264+0000 INFO  [o.n.k.i.DiagnosticsManager] sun.io.unicode.encoding = UnicodeLittle
2015-12-21 21:44:02.264+0000 INFO  [o.n.k.i.DiagnosticsManager] sun.cpu.endian = little
2015-12-21 21:44:02.264+0000 INFO  [o.n.k.i.DiagnosticsManager] neo4j.instance = /home/gongotar/neo4j-community-2.3.1
2015-12-21 21:44:02.264+0000 INFO  [o.n.k.i.DiagnosticsManager] sun.desktop = gnome
2015-12-21 21:44:02.264+0000 INFO  [o.n.k.i.DiagnosticsManager] neo4j.home = /home/gongotar/neo4j-community-2.3.1
2015-12-21 21:44:02.264+0000 INFO  [o.n.k.i.DiagnosticsManager] sun.cpu.isalist = 
2015-12-21 21:44:02.265+0000 INFO  [o.n.k.i.DiagnosticsManager] Linux scheduler information:
2015-12-21 21:44:02.266+0000 INFO  [o.n.k.i.DiagnosticsManager] noop [deadline] cfq 
2015-12-21 21:44:02.266+0000 INFO  [o.n.k.i.DiagnosticsManager] none
2015-12-21 21:44:02.266+0000 INFO  [o.n.k.i.DiagnosticsManager] none
2015-12-21 21:44:02.267+0000 INFO  [o.n.k.i.DiagnosticsManager] none
2015-12-21 21:44:02.267+0000 INFO  [o.n.k.i.DiagnosticsManager] none
2015-12-21 21:44:02.267+0000 INFO  [o.n.k.i.DiagnosticsManager] none
2015-12-21 21:44:02.267+0000 INFO  [o.n.k.i.DiagnosticsManager] none
2015-12-21 21:44:02.268+0000 INFO  [o.n.k.i.DiagnosticsManager] none
2015-12-21 21:44:02.268+0000 INFO  [o.n.k.i.DiagnosticsManager] none
2015-12-21 21:44:02.268+0000 INFO  [o.n.k.i.DiagnosticsManager] none
2015-12-21 21:44:02.268+0000 INFO  [o.n.k.i.DiagnosticsManager] none
2015-12-21 21:44:02.268+0000 INFO  [o.n.k.i.DiagnosticsManager] none
2015-12-21 21:44:02.269+0000 INFO  [o.n.k.i.DiagnosticsManager] none
2015-12-21 21:44:02.269+0000 INFO  [o.n.k.i.DiagnosticsManager] none
2015-12-21 21:44:02.269+0000 INFO  [o.n.k.i.DiagnosticsManager] none
2015-12-21 21:44:02.269+0000 INFO  [o.n.k.i.DiagnosticsManager] none
2015-12-21 21:44:02.270+0000 INFO  [o.n.k.i.DiagnosticsManager] none
2015-12-21 21:44:02.270+0000 INFO  [o.n.k.i.DiagnosticsManager] none
2015-12-21 21:44:02.270+0000 INFO  [o.n.k.i.DiagnosticsManager] none
2015-12-21 21:44:02.270+0000 INFO  [o.n.k.i.DiagnosticsManager] none
2015-12-21 21:44:02.271+0000 INFO  [o.n.k.i.DiagnosticsManager] none
2015-12-21 21:44:02.271+0000 INFO  [o.n.k.i.DiagnosticsManager] none
2015-12-21 21:44:02.271+0000 INFO  [o.n.k.i.DiagnosticsManager] none
2015-12-21 21:44:02.271+0000 INFO  [o.n.k.i.DiagnosticsManager] none
2015-12-21 21:44:02.271+0000 INFO  [o.n.k.i.DiagnosticsManager] none
2015-12-21 21:44:02.271+0000 INFO  [o.n.k.i.DiagnosticsManager] Network information:
2015-12-21 21:44:02.273+0000 INFO  [o.n.k.i.DiagnosticsManager] Interface wlan0:
2015-12-21 21:44:02.273+0000 INFO  [o.n.k.i.DiagnosticsManager]     address: fe80:0:0:0:fef8:aeff:fe61:de01%2
2015-12-21 21:44:02.274+0000 INFO  [o.n.k.i.DiagnosticsManager]     address: 192.168.0.104
2015-12-21 21:44:02.274+0000 INFO  [o.n.k.i.DiagnosticsManager] Interface lo:
2015-12-21 21:44:02.274+0000 INFO  [o.n.k.i.DiagnosticsManager]     address: 0:0:0:0:0:0:0:1%1
2015-12-21 21:44:02.274+0000 INFO  [o.n.k.i.DiagnosticsManager]     address: 127.0.0.1
2015-12-21 21:44:02.274+0000 INFO  [o.n.k.i.DiagnosticsManager] --- INITIALIZED diagnostics END ---
2015-12-21 21:44:03.086+0000 INFO  [o.n.k.a.i.i.LuceneLabelScanStore] No lucene scan store index found, this might just be first use. Preparing to rebuild.
2015-12-21 21:44:03.152+0000 INFO  [o.n.k.NeoStoreDataSource] Opened logical log [/home/gongotar/neo4j-community-2.3.1/data/graph.db/neostore.transaction.db.0] version=0, lastTxId=1 (clean)
2015-12-21 21:44:03.160+0000 WARN  [o.n.k.i.s.MetaDataStore] Missing counts store, rebuilding it.
2015-12-21 21:44:03.279+0000 INFO  [o.n.k.a.i.i.LuceneLabelScanStore] Rebuilding lucene scan store, this may take a while
2015-12-21 21:44:03.281+0000 INFO  [o.n.k.a.i.i.LuceneLabelScanStore] Lucene scan store rebuilt (roughly -1 nodes)
2015-12-21 21:44:03.308+0000 INFO  [o.n.k.KernelHealth] Kernel health set to OK
2015-12-21 21:44:03.995+0000 INFO  [o.n.k.AvailabilityGuard] Fulfilling of requirement makes database available: Database available
2015-12-21 21:44:03.995+0000 INFO  [o.n.k.i.f.CommunityFacadeFactory] Database is now ready
2015-12-21 21:44:03.996+0000 INFO  [o.n.k.i.DiagnosticsManager] --- STARTED diagnostics for KernelDiagnostics:Versions START ---
2015-12-21 21:44:03.996+0000 INFO  [o.n.k.i.DiagnosticsManager] Graph Database: Community StoreId{creationTime=1450734242903, randomId=2545133756325845964, storeVersion=15250506225055238, upgradeTime=1450734242903, upgradeId=1}
2015-12-21 21:44:03.996+0000 INFO  [o.n.k.i.DiagnosticsManager] Kernel version: 2.3.1,dd67f90
2015-12-21 21:44:03.997+0000 INFO  [o.n.k.i.DiagnosticsManager] --- STARTED diagnostics for KernelDiagnostics:Versions END ---
2015-12-21 21:44:03.998+0000 INFO  [o.n.k.i.DiagnosticsManager] --- STARTED diagnostics for NEO_STORE_VERSIONS START ---
2015-12-21 21:44:03.999+0000 INFO  [o.n.k.i.DiagnosticsManager] Store versions:
2015-12-21 21:44:03.999+0000 INFO  [o.n.k.i.DiagnosticsManager] Store versions:
2015-12-21 21:44:03.999+0000 INFO  [o.n.k.i.DiagnosticsManager] ArrayPropertyStore v0.A.6
2015-12-21 21:44:03.999+0000 INFO  [o.n.k.i.DiagnosticsManager] NodeStore v0.A.6
2015-12-21 21:44:03.999+0000 INFO  [o.n.k.i.DiagnosticsManager] StringPropertyStore v0.A.6
2015-12-21 21:44:03.999+0000 INFO  [o.n.k.i.DiagnosticsManager] PropertyIndexStore v0.A.6
2015-12-21 21:44:03.999+0000 INFO  [o.n.k.i.DiagnosticsManager] StringPropertyStore v0.A.6
2015-12-21 21:44:03.999+0000 INFO  [o.n.k.i.DiagnosticsManager] ArrayPropertyStore v0.A.6
2015-12-21 21:44:03.999+0000 INFO  [o.n.k.i.DiagnosticsManager] PropertyStore v0.A.6
2015-12-21 21:44:03.999+0000 INFO  [o.n.k.i.DiagnosticsManager] RelationshipStore v0.A.6
2015-12-21 21:44:03.999+0000 INFO  [o.n.k.i.DiagnosticsManager] StringPropertyStore v0.A.6
2015-12-21 21:44:03.999+0000 INFO  [o.n.k.i.DiagnosticsManager] RelationshipTypeStore v0.A.6
2015-12-21 21:44:03.999+0000 INFO  [o.n.k.i.DiagnosticsManager] StringPropertyStore v0.A.6
2015-12-21 21:44:03.999+0000 INFO  [o.n.k.i.DiagnosticsManager] LabelTokenStore v0.A.6
2015-12-21 21:44:03.999+0000 INFO  [o.n.k.i.DiagnosticsManager] SchemaStore v0.A.6
2015-12-21 21:44:04.000+0000 INFO  [o.n.k.i.DiagnosticsManager] RelationshipGroupStore v0.A.6
2015-12-21 21:44:04.000+0000 INFO  [o.n.k.i.DiagnosticsManager] NeoStore v0.A.6
2015-12-21 21:44:04.000+0000 INFO  [o.n.k.i.DiagnosticsManager] --- STARTED diagnostics for NEO_STORE_VERSIONS END ---
2015-12-21 21:44:04.000+0000 INFO  [o.n.k.i.DiagnosticsManager] --- STARTED diagnostics for NEO_STORE_ID_USAGE START ---
2015-12-21 21:44:04.000+0000 INFO  [o.n.k.i.DiagnosticsManager] Id usage:
2015-12-21 21:44:04.000+0000 INFO  [o.n.k.i.DiagnosticsManager] Id usage:
2015-12-21 21:44:04.000+0000 INFO  [o.n.k.i.DiagnosticsManager]   ArrayPropertyStore v0.A.6: used=1 high=0
2015-12-21 21:44:04.000+0000 INFO  [o.n.k.i.DiagnosticsManager]   NodeStore v0.A.6: used=0 high=-1
2015-12-21 21:44:04.000+0000 INFO  [o.n.k.i.DiagnosticsManager]   StringPropertyStore v0.A.6: used=1 high=0
2015-12-21 21:44:04.001+0000 INFO  [o.n.k.i.DiagnosticsManager]   PropertyIndexStore v0.A.6: used=0 high=-1
2015-12-21 21:44:04.001+0000 INFO  [o.n.k.i.DiagnosticsManager]   StringPropertyStore v0.A.6: used=1 high=0
2015-12-21 21:44:04.001+0000 INFO  [o.n.k.i.DiagnosticsManager]   ArrayPropertyStore v0.A.6: used=1 high=0
2015-12-21 21:44:04.001+0000 INFO  [o.n.k.i.DiagnosticsManager]   PropertyStore v0.A.6: used=0 high=-1
2015-12-21 21:44:04.001+0000 INFO  [o.n.k.i.DiagnosticsManager]   RelationshipStore v0.A.6: used=0 high=-1
2015-12-21 21:44:04.001+0000 INFO  [o.n.k.i.DiagnosticsManager]   StringPropertyStore v0.A.6: used=1 high=0
2015-12-21 21:44:04.001+0000 INFO  [o.n.k.i.DiagnosticsManager]   RelationshipTypeStore v0.A.6: used=0 high=-1
2015-12-21 21:44:04.002+0000 INFO  [o.n.k.i.DiagnosticsManager]   StringPropertyStore v0.A.6: used=1 high=0
2015-12-21 21:44:04.002+0000 INFO  [o.n.k.i.DiagnosticsManager]   LabelTokenStore v0.A.6: used=0 high=-1
2015-12-21 21:44:04.002+0000 INFO  [o.n.k.i.DiagnosticsManager]   SchemaStore v0.A.6: used=1 high=0
2015-12-21 21:44:04.002+0000 INFO  [o.n.k.i.DiagnosticsManager]   RelationshipGroupStore v0.A.6: used=1 high=0
2015-12-21 21:44:04.002+0000 INFO  [o.n.k.i.DiagnosticsManager]   NeoStore v0.A.6: used=13 high=12
2015-12-21 21:44:04.002+0000 INFO  [o.n.k.i.DiagnosticsManager] --- STARTED diagnostics for NEO_STORE_ID_USAGE END ---
2015-12-21 21:44:04.002+0000 INFO  [o.n.k.i.DiagnosticsManager] --- STARTED diagnostics for NEO_STORE_RECORDS START ---
2015-12-21 21:44:04.002+0000 INFO  [o.n.k.i.DiagnosticsManager] Neostore records:
2015-12-21 21:44:04.003+0000 INFO  [o.n.k.i.DiagnosticsManager] TIME (Creation time): 1450734242903
2015-12-21 21:44:04.003+0000 INFO  [o.n.k.i.DiagnosticsManager] RANDOM_NUMBER (Random number for store id): 2545133756325845964
2015-12-21 21:44:04.003+0000 INFO  [o.n.k.i.DiagnosticsManager] LOG_VERSION (Current log version): 0
2015-12-21 21:44:04.003+0000 INFO  [o.n.k.i.DiagnosticsManager] LAST_TRANSACTION_ID (Last committed transaction): 1
2015-12-21 21:44:04.003+0000 INFO  [o.n.k.i.DiagnosticsManager] STORE_VERSION (Store format version): 15250506225055238
2015-12-21 21:44:04.003+0000 INFO  [o.n.k.i.DiagnosticsManager] FIRST_GRAPH_PROPERTY (First property record containing graph properties): -1
2015-12-21 21:44:04.004+0000 INFO  [o.n.k.i.DiagnosticsManager] LAST_CONSTRAINT_TRANSACTION (Last committed transaction containing constraint changes): 0
2015-12-21 21:44:04.004+0000 INFO  [o.n.k.i.DiagnosticsManager] UPGRADE_TRANSACTION_ID (Transaction id most recent upgrade was performed at): 1
2015-12-21 21:44:04.004+0000 INFO  [o.n.k.i.DiagnosticsManager] UPGRADE_TIME (Time of last upgrade): 1450734242903
2015-12-21 21:44:04.004+0000 INFO  [o.n.k.i.DiagnosticsManager] LAST_TRANSACTION_CHECKSUM (Checksum of last committed transaction): 0
2015-12-21 21:44:04.004+0000 INFO  [o.n.k.i.DiagnosticsManager] UPGRADE_TRANSACTION_CHECKSUM (Checksum of transaction id the most recent upgrade was performed at): 0
2015-12-21 21:44:04.004+0000 INFO  [o.n.k.i.DiagnosticsManager] LAST_CLOSED_TRANSACTION_LOG_VERSION (Log version where the last transaction commit entry has been written into): 0
2015-12-21 21:44:04.004+0000 INFO  [o.n.k.i.DiagnosticsManager] LAST_CLOSED_TRANSACTION_LOG_BYTE_OFFSET (Byte offset in the log file where the last transaction commit entry has been written into): 16
2015-12-21 21:44:04.004+0000 INFO  [o.n.k.i.DiagnosticsManager] --- STARTED diagnostics for NEO_STORE_RECORDS END ---
2015-12-21 21:44:04.004+0000 INFO  [o.n.k.i.DiagnosticsManager] --- STARTED diagnostics for TRANSACTION_RANGE START ---
2015-12-21 21:44:04.004+0000 INFO  [o.n.k.i.DiagnosticsManager] Transaction log:
2015-12-21 21:44:04.005+0000 INFO  [o.n.k.i.DiagnosticsManager] No transactions found in any log
2015-12-21 21:44:04.005+0000 INFO  [o.n.k.i.DiagnosticsManager] --- STARTED diagnostics for TRANSACTION_RANGE END ---
2015-12-21 21:44:04.006+0000 INFO  [o.n.k.i.DiagnosticsManager] --- STARTED diagnostics for KernelDiagnostics:StoreFiles START ---
2015-12-21 21:44:04.006+0000 INFO  [o.n.k.i.DiagnosticsManager] Disk space on partition (Total / Free / Free %): 114044985344 / 66309046272 / 58
Storage files: (filename : modification date - size)
2015-12-21 21:44:04.007+0000 INFO  [o.n.k.i.DiagnosticsManager]   index:
2015-12-21 21:44:04.007+0000 INFO  [o.n.k.i.DiagnosticsManager]   - Total: 2015-12-21T22:44:03+0100 - 0,00 B
2015-12-21 21:44:04.007+0000 INFO  [o.n.k.i.DiagnosticsManager]   messages.log: 2015-12-21T22:44:04+0100 - 33,52 kB
2015-12-21 21:44:04.008+0000 INFO  [o.n.k.i.DiagnosticsManager]   neostore: 2015-12-21T22:44:02+0100 - 8,00 kB
2015-12-21 21:44:04.008+0000 INFO  [o.n.k.i.DiagnosticsManager]   neostore.counts.db.a: 2015-12-21T22:44:03+0100 - 96,00 B
2015-12-21 21:44:04.008+0000 INFO  [o.n.k.i.DiagnosticsManager]   neostore.id: 2015-12-21T22:44:02+0100 - 9,00 B
2015-12-21 21:44:04.008+0000 INFO  [o.n.k.i.DiagnosticsManager]   neostore.labeltokenstore.db: 2015-12-21T22:44:02+0100 - 0,00 B
2015-12-21 21:44:04.009+0000 INFO  [o.n.k.i.DiagnosticsManager]   neostore.labeltokenstore.db.id: 2015-12-21T22:44:02+0100 - 9,00 B
2015-12-21 21:44:04.009+0000 INFO  [o.n.k.i.DiagnosticsManager]   neostore.labeltokenstore.db.names: 2015-12-21T22:44:02+0100 - 8,00 kB
2015-12-21 21:44:04.009+0000 INFO  [o.n.k.i.DiagnosticsManager]   neostore.labeltokenstore.db.names.id: 2015-12-21T22:44:02+0100 - 9,00 B
2015-12-21 21:44:04.010+0000 INFO  [o.n.k.i.DiagnosticsManager]   neostore.nodestore.db: 2015-12-21T22:44:02+0100 - 0,00 B
2015-12-21 21:44:04.010+0000 INFO  [o.n.k.i.DiagnosticsManager]   neostore.nodestore.db.id: 2015-12-21T22:44:02+0100 - 9,00 B
2015-12-21 21:44:04.010+0000 INFO  [o.n.k.i.DiagnosticsManager]   neostore.nodestore.db.labels: 2015-12-21T22:44:02+0100 - 8,00 kB
2015-12-21 21:44:04.011+0000 INFO  [o.n.k.i.DiagnosticsManager]   neostore.nodestore.db.labels.id: 2015-12-21T22:44:02+0100 - 9,00 B
2015-12-21 21:44:04.011+0000 INFO  [o.n.k.i.DiagnosticsManager]   neostore.propertystore.db: 2015-12-21T22:44:02+0100 - 0,00 B
2015-12-21 21:44:04.011+0000 INFO  [o.n.k.i.DiagnosticsManager]   neostore.propertystore.db.arrays: 2015-12-21T22:44:02+0100 - 8,00 kB
2015-12-21 21:44:04.011+0000 INFO  [o.n.k.i.DiagnosticsManager]   neostore.propertystore.db.arrays.id: 2015-12-21T22:44:02+0100 - 9,00 B
2015-12-21 21:44:04.012+0000 INFO  [o.n.k.i.DiagnosticsManager]   neostore.propertystore.db.id: 2015-12-21T22:44:02+0100 - 9,00 B
2015-12-21 21:44:04.012+0000 INFO  [o.n.k.i.DiagnosticsManager]   neostore.propertystore.db.index: 2015-12-21T22:44:02+0100 - 0,00 B
2015-12-21 21:44:04.012+0000 INFO  [o.n.k.i.DiagnosticsManager]   neostore.propertystore.db.index.id: 2015-12-21T22:44:02+0100 - 9,00 B
2015-12-21 21:44:04.013+0000 INFO  [o.n.k.i.DiagnosticsManager]   neostore.propertystore.db.index.keys: 2015-12-21T22:44:02+0100 - 8,00 kB
2015-12-21 21:44:04.013+0000 INFO  [o.n.k.i.DiagnosticsManager]   neostore.propertystore.db.index.keys.id: 2015-12-21T22:44:02+0100 - 9,00 B
2015-12-21 21:44:04.013+0000 INFO  [o.n.k.i.DiagnosticsManager]   neostore.propertystore.db.strings: 2015-12-21T22:44:02+0100 - 8,00 kB
2015-12-21 21:44:04.013+0000 INFO  [o.n.k.i.DiagnosticsManager]   neostore.propertystore.db.strings.id: 2015-12-21T22:44:02+0100 - 9,00 B
2015-12-21 21:44:04.014+0000 INFO  [o.n.k.i.DiagnosticsManager]   neostore.relationshipgroupstore.db: 2015-12-21T22:44:02+0100 - 8,00 kB
2015-12-21 21:44:04.014+0000 INFO  [o.n.k.i.DiagnosticsManager]   neostore.relationshipgroupstore.db.id: 2015-12-21T22:44:02+0100 - 9,00 B
2015-12-21 21:44:04.014+0000 INFO  [o.n.k.i.DiagnosticsManager]   neostore.relationshipstore.db: 2015-12-21T22:44:02+0100 - 0,00 B
2015-12-21 21:44:04.014+0000 INFO  [o.n.k.i.DiagnosticsManager]   neostore.relationshipstore.db.id: 2015-12-21T22:44:02+0100 - 9,00 B
2015-12-21 21:44:04.015+0000 INFO  [o.n.k.i.DiagnosticsManager]   neostore.relationshiptypestore.db: 2015-12-21T22:44:02+0100 - 0,00 B
2015-12-21 21:44:04.015+0000 INFO  [o.n.k.i.DiagnosticsManager]   neostore.relationshiptypestore.db.id: 2015-12-21T22:44:02+0100 - 9,00 B
2015-12-21 21:44:04.015+0000 INFO  [o.n.k.i.DiagnosticsManager]   neostore.relationshiptypestore.db.names: 2015-12-21T22:44:02+0100 - 8,00 kB
2015-12-21 21:44:04.015+0000 INFO  [o.n.k.i.DiagnosticsManager]   neostore.relationshiptypestore.db.names.id: 2015-12-21T22:44:02+0100 - 9,00 B
2015-12-21 21:44:04.016+0000 INFO  [o.n.k.i.DiagnosticsManager]   neostore.schemastore.db: 2015-12-21T22:44:02+0100 - 8,00 kB
2015-12-21 21:44:04.016+0000 INFO  [o.n.k.i.DiagnosticsManager]   neostore.schemastore.db.id: 2015-12-21T22:44:02+0100 - 9,00 B
2015-12-21 21:44:04.016+0000 INFO  [o.n.k.i.DiagnosticsManager]   neostore.transaction.db.0: 2015-12-21T22:44:03+0100 - 16,00 B
2015-12-21 21:44:04.016+0000 INFO  [o.n.k.i.DiagnosticsManager]   schema:
2015-12-21 21:44:04.016+0000 INFO  [o.n.k.i.DiagnosticsManager]     label:
2015-12-21 21:44:04.017+0000 INFO  [o.n.k.i.DiagnosticsManager]       lucene:
2015-12-21 21:44:04.017+0000 INFO  [o.n.k.i.DiagnosticsManager]         write.lock: 2015-12-21T22:44:03+0100 - 0,00 B
2015-12-21 21:44:04.017+0000 INFO  [o.n.k.i.DiagnosticsManager]       - Total: 2015-12-21T22:44:03+0100 - 0,00 B
2015-12-21 21:44:04.017+0000 INFO  [o.n.k.i.DiagnosticsManager]     - Total: 2015-12-21T22:44:03+0100 - 0,00 B
2015-12-21 21:44:04.018+0000 INFO  [o.n.k.i.DiagnosticsManager]   - Total: 2015-12-21T22:44:03+0100 - 0,00 B
2015-12-21 21:44:04.018+0000 INFO  [o.n.k.i.DiagnosticsManager]   store_lock: 2015-12-21T22:44:02+0100 - 0,00 B
2015-12-21 21:44:04.018+0000 INFO  [o.n.k.i.DiagnosticsManager] --- STARTED diagnostics for KernelDiagnostics:StoreFiles END ---
2015-12-21 21:44:06.227+0000 INFO  [o.n.k.i.DiagnosticsManager] --- SERVER STARTED START ---
2015-12-21 21:44:08.738+0000 INFO  [o.n.k.i.DiagnosticsManager] --- SERVER STARTED END ---
2015-12-21 21:46:46.636+0000 INFO  [o.n.k.i.f.GraphDatabaseFacade] Shutdown started
2015-12-21 21:46:46.637+0000 INFO  [o.n.k.i.f.CommunityFacadeFactory] Database is now unavailable
2015-12-21 21:46:46.654+0000 INFO  [o.n.k.i.t.l.c.CheckPointerImpl] Check Pointing triggered by database shutdown [1]:  Starting check pointing...
2015-12-21 21:46:46.655+0000 INFO  [o.n.k.i.t.l.c.CheckPointerImpl] Check Pointing triggered by database shutdown [1]:  Starting store flush...
2015-12-21 21:46:46.658+0000 INFO  [o.n.k.i.t.l.c.CheckPointerImpl] Check Pointing triggered by database shutdown [1]:  Store flush completed
2015-12-21 21:46:46.658+0000 INFO  [o.n.k.i.t.l.c.CheckPointerImpl] Check Pointing triggered by database shutdown [1]:  Starting appending check point entry into the tx log...
2015-12-21 21:46:46.678+0000 INFO  [o.n.k.i.t.l.c.CheckPointerImpl] Check Pointing triggered by database shutdown [1]:  Appending check point entry into the tx log completed
2015-12-21 21:46:46.679+0000 INFO  [o.n.k.i.t.l.c.CheckPointerImpl] Check Pointing triggered by database shutdown [1]:  Check pointing completed
2015-12-21 21:46:46.679+0000 INFO  [o.n.k.i.t.l.p.LogPruningImpl] Log Rotation [0]:  Starting log pruning.
2015-12-21 21:46:46.679+0000 INFO  [o.n.k.i.t.l.p.LogPruningImpl] Log Rotation [0]:  Log pruning complete.
2015-12-21 21:46:46.740+0000 INFO  [o.n.k.NeoStoreDataSource] NeoStores closed
2015-12-21 21:46:46.741+0000 INFO  [o.n.k.i.DiagnosticsManager] --- STOPPING diagnostics START ---
2015-12-21 21:46:46.741+0000 INFO  [o.n.k.i.DiagnosticsManager] --- STOPPING diagnostics END ---
